2020-09-26 15:29:21,929 ERROR [root] [__init__.py(<module>:5)] - error
2020-09-26 15:29:21,930 INFO [root] [__init__.py(<module>:6)] - info
2020-09-26 15:29:22,548 INFO [root] [login_param.py(setUpClass:28)] - sql1=delete from mb_member_register_log where phone in ('13011231111','13011231112','13011231113','13011231114','13011231115');
2020-09-26 15:29:22,719 INFO [root] [login_param.py(setUpClass:31)] - sql2=delete i.* from mb_member_login_log i INNER JOIN mb_member m on i.member_id = m.id WHERE m.phone in ('13011231111','13011231112','13011231113','13011231114','13011231115');
2020-09-26 15:29:22,879 INFO [root] [login_param.py(setUpClass:34)] - sql3=delete i.* from mb_member_info i INNER JOIN mb_member m on i.member_id = m.id WHERE m.phone in ('13011231111','13011231112','13011231113','13011231114','13011231115');
2020-09-26 15:29:23,063 INFO [root] [login_param.py(setUpClass:37)] - sql4=delete from mb_member WHERE phone in ('13011231111','13011231112','13011231113','13011231114','13011231115');
2020-09-26 15:29:23,592 INFO [root] [login_param.py(test05_get_sms_code_success:108)] - get sms code response = {'status': 200, 'description': '短信发送成功'}
2020-09-26 15:29:23,724 INFO [root] [login_param.py(test06_get_sms_code_fail_img_code_wrong:126)] - get sms code response = {'status': 100, 'description': '图片验证码错误'}
2020-09-26 15:29:23,857 INFO [root] [login_param.py(test07_get_sms_code_fail_img_code_is_null:144)] - get sms code response = {'status': 100, 'description': '图片验证码错误'}
2020-09-26 15:29:23,993 INFO [root] [login_param.py(test08_get_sms_code_fail_phone_is_null:161)] - get sms code response = {'status': 100}
2020-09-26 15:29:24,080 INFO [root] [login_param.py(test09_get_sms_code_fail_no_img_code:173)] - get sms code response = {'status': 100, 'description': '图片验证码错误'}
2020-09-26 15:29:24,223 INFO [root] [login_param.py(test10_register:192)] - get sms code response = {'status': 200, 'description': '短信发送成功'}
2020-09-26 15:29:24,284 INFO [root] [login_param.py(test10_register:199)] - get register response = {'status': 200, 'data': {'isLogin': '1'}, 'description': '注册成功'}
2020-09-26 15:29:24,430 INFO [root] [login_param.py(test10_register:192)] - get sms code response = {'status': 200, 'description': '短信发送成功'}
2020-09-26 15:29:24,496 INFO [root] [login_param.py(test10_register:199)] - get register response = {'status': 200, 'data': {'isLogin': '1'}, 'description': '注册成功'}
2020-09-26 15:29:24,644 INFO [root] [login_param.py(test10_register:192)] - get sms code response = {'status': 200, 'description': '短信发送成功'}
2020-09-26 15:29:24,690 INFO [root] [login_param.py(test10_register:199)] - get register response = {'status': 100, 'description': '手机已存在!'}
2020-09-26 15:29:24,831 INFO [root] [login_param.py(test10_register:192)] - get sms code response = {'status': 200, 'description': '短信发送成功'}
2020-09-26 15:29:24,931 INFO [root] [login_param.py(test10_register:199)] - get register response = {'status': 200, 'data': {'isLogin': '1'}, 'description': '注册成功'}
2020-09-26 15:29:25,095 INFO [root] [login_param.py(test10_register:192)] - get sms code response = {'status': 200, 'description': '短信发送成功'}
2020-09-26 15:29:25,140 INFO [root] [login_param.py(test10_register:199)] - get register response = {'status': 100, 'description': '验证码错误!'}
2020-09-26 15:29:25,286 INFO [root] [login_param.py(test10_register:192)] - get sms code response = {'status': 200, 'description': '短信发送成功'}
2020-09-26 15:29:25,329 INFO [root] [login_param.py(test10_register:199)] - get register response = {'status': 100, 'description': '验证码错误'}
2020-09-26 15:29:25,472 INFO [root] [login_param.py(test10_register:192)] - get sms code response = {'status': 200, 'description': '短信发送成功'}
2020-09-26 15:29:25,536 INFO [root] [login_param.py(test10_register:199)] - get register response = {'status': 200, 'data': {'isLogin': '1'}, 'description': '注册成功'}
2020-09-26 15:29:25,644 INFO [root] [login_param.py(test17_login_success:384)] - get login response = {'status': 200, 'description': '登录成功'}
2020-09-26 15:29:25,733 INFO [root] [login_param.py(test18_login_fail_phone_is_not_exist:394)] - get login response = {'status': 100, 'description': '用户不存在'}
2020-09-26 15:29:25,822 INFO [root] [login_param.py(test19_login_fail_pwd_is_null:404)] - get login response = {'status': 100, 'description': '密码不能为空'}
2020-09-26 15:29:25,919 INFO [root] [login_param.py(test20_login_fail_pwd_is_wrong:415)] - get login response = {'status': 100, 'data': {'login_error': 2}, 'description': '密码错误1次,达到3次将锁定账户'}
2020-09-26 15:29:25,969 INFO [root] [login_param.py(test20_login_fail_pwd_is_wrong:422)] - get login response = {'status': 100, 'data': {'login_error': 3}, 'description': '密码错误2次,达到3次将锁定账户'}
2020-09-26 15:29:26,021 INFO [root] [login_param.py(test20_login_fail_pwd_is_wrong:429)] - get login response = {'status': 100, 'description': '由于连续输入错误密码达到上限，账号已被锁定，请于1.0分钟后重新登录'}
2020-09-26 15:29:26,073 INFO [root] [login_param.py(test20_login_fail_pwd_is_wrong:436)] - get login response = {'status': 100, 'description': '由于连续输入错误密码达到上限，账号已被锁定，请于1.0分钟后重新登录'}
2020-09-26 15:30:26,130 INFO [root] [login_param.py(test20_login_fail_pwd_is_wrong:444)] - get login response = {'status': 200, 'description': '登录成功'}
